-------------------------------------------------------------------------------
Test set: ec.edu.espe.thefamse.controller.FrmSystemTest
-------------------------------------------------------------------------------
Tests run: 1, Failures: 1, Errors: 0, Skipped: 0, Time elapsed: 0.006 sec <<< FAILURE!
ec.edu.espe.thefamse.controller.FrmSystemTest.testBtnSaveSupplierActionPerformed_WithEmptyFields()  Time elapsed: 0.005 sec  <<< FAILURE!
java.lang.RuntimeException: Uncompilable code - cannot find symbol
  symbol:   method verifyStatic(java.lang.Class<javax.swing.JOptionPane>)
  location: class ec.edu.espe.thefamse.controller.FrmSystemTest
	at ec.edu.espe.thefamse.controller.FrmSystemTest.testBtnSaveSupplierActionPerformed_WithEmptyFields(FrmSystemTest.java:1)

